0 info it worked if it ends with ok
1 verbose cli [
1 verbose cli   '/usr/local/bin/node',
1 verbose cli   '/usr/local/bin/npm',
1 verbose cli   'run',
1 verbose cli   'test',
1 verbose cli   '--no-cache'
1 verbose cli ]
2 info using npm@6.14.4
3 info using node@v12.16.1
4 verbose run-script [ 'pretest', 'test', 'posttest' ]
5 info lifecycle react-boilerplate@4.0.0~pretest: react-boilerplate@4.0.0
6 verbose lifecycle react-boilerplate@4.0.0~pretest: unsafe-perm in lifecycle true
7 verbose lifecycle react-boilerplate@4.0.0~pretest: PATH: /usr/local/lib/node_modules/npm/node_modules/npm-lifecycle/node-gyp-bin:/Users/mgrzelak/Development/cias-web/node_modules/.bin:/Users/mgrzelak/.asdf/shims:/usr/local/opt/asdf/bin:/Users/mgrzelak/.jenv/shims:/Library/PostgreSQL/12/bin:/Users/mgrzelak/.jenv/bin:/usr/local/bin:/usr/bin:/bin:/usr/sbin:/sbin:/Users/Shared/Libraries/flutter/bin:$ANDROID_HOME/tools:$ANDROID_HOME/tools/lib:$ANDROID_HOME/tools/bin:$ANDROID_HOME/platform-tools:/usr/local/share/dotnet:~/.dotnet/tools:/Library/Apple/usr/bin:/Library/Frameworks/Mono.framework/Versions/Current/Commands
8 verbose lifecycle react-boilerplate@4.0.0~pretest: CWD: /Users/mgrzelak/Development/cias-web
9 silly lifecycle react-boilerplate@4.0.0~pretest: Args: [ '-c', 'npm run test:clean && npm run lint' ]
10 silly lifecycle react-boilerplate@4.0.0~pretest: Returned: code: 0  signal: null
11 info lifecycle react-boilerplate@4.0.0~test: react-boilerplate@4.0.0
12 verbose lifecycle react-boilerplate@4.0.0~test: unsafe-perm in lifecycle true
13 verbose lifecycle react-boilerplate@4.0.0~test: PATH: /usr/local/lib/node_modules/npm/node_modules/npm-lifecycle/node-gyp-bin:/Users/mgrzelak/Development/cias-web/node_modules/.bin:/Users/mgrzelak/.asdf/shims:/usr/local/opt/asdf/bin:/Users/mgrzelak/.jenv/shims:/Library/PostgreSQL/12/bin:/Users/mgrzelak/.jenv/bin:/usr/local/bin:/usr/bin:/bin:/usr/sbin:/sbin:/Users/Shared/Libraries/flutter/bin:$ANDROID_HOME/tools:$ANDROID_HOME/tools/lib:$ANDROID_HOME/tools/bin:$ANDROID_HOME/platform-tools:/usr/local/share/dotnet:~/.dotnet/tools:/Library/Apple/usr/bin:/Library/Frameworks/Mono.framework/Versions/Current/Commands
14 verbose lifecycle react-boilerplate@4.0.0~test: CWD: /Users/mgrzelak/Development/cias-web
15 silly lifecycle react-boilerplate@4.0.0~test: Args: [ '-c', 'cross-env NODE_ENV=test jest --coverage' ]
16 silly lifecycle react-boilerplate@4.0.0~test: Returned: code: 1  signal: null
17 info lifecycle react-boilerplate@4.0.0~test: Failed to exec test script
18 verbose stack Error: react-boilerplate@4.0.0 test: `cross-env NODE_ENV=test jest --coverage`
18 verbose stack Exit status 1
18 verbose stack     at EventEmitter.<anonymous> (/usr/local/lib/node_modules/npm/node_modules/npm-lifecycle/index.js:332:16)
18 verbose stack     at EventEmitter.emit (events.js:311:20)
18 verbose stack     at ChildProcess.<anonymous> (/usr/local/lib/node_modules/npm/node_modules/npm-lifecycle/lib/spawn.js:55:14)
18 verbose stack     at ChildProcess.emit (events.js:311:20)
18 verbose stack     at maybeClose (internal/child_process.js:1021:16)
18 verbose stack     at Process.ChildProcess._handle.onexit (internal/child_process.js:286:5)
19 verbose pkgid react-boilerplate@4.0.0
20 verbose cwd /Users/mgrzelak/Development/cias-web
21 verbose Darwin 19.4.0
22 verbose argv "/usr/local/bin/node" "/usr/local/bin/npm" "run" "test" "--no-cache"
23 verbose node v12.16.1
24 verbose npm  v6.14.4
25 error code ELIFECYCLE
26 error errno 1
27 error react-boilerplate@4.0.0 test: `cross-env NODE_ENV=test jest --coverage`
27 error Exit status 1
28 error Failed at the react-boilerplate@4.0.0 test script.
28 error This is probably not a problem with npm. There is likely additional logging output above.
29 verbose exit [ 1, true ]
